<?xml version="1.0" encoding="UTF-8"?>
<!-- Generated by org.testng.reporters.JUnitReportReporter -->
<testsuite hostname="DESKTOP-9B96LKN" failures="0" tests="1" name="testCases.TC_002_LoginTest" time="33.286" errors="0" timestamp="2022-12-12T12:30:58 EST" skipped="0">
  <testcase classname="testCases.TC_002_LoginTest" name="TestLogin" time="33.286"/>
  <system-out/>
</testsuite> <!-- testCases.TC_002_LoginTest -->
